18.29.44  [main] 	Initializing Control Panel
18.29.44  [main] 	Windows Version:  Enterprise  64-bit
18.29.44  [main] 	XAMPP Version: 8.2.4
18.29.44  [main] 	Control Panel Version: 3.3.0  [ Compiled: Apr 6th 2021 ]
18.29.44  [main] 	You are not running with administrator rights! This will work for
18.29.44  [main] 	most application stuff but whenever you do something with services
18.29.44  [main] 	there will be a security dialogue or things will break! So think 
18.29.44  [main] 	about running this application with administrator rights!
18.29.44  [main] 	XAMPP Installation Directory: "d:\xampp\"
18.29.44  [main] 	Checking for prerequisites
18.29.44  [main] 	All prerequisites found
18.29.44  [main] 	Initializing Modules
18.29.44  [main] 	Starting Check-Timer
18.29.44  [main] 	Control Panel Ready
18.29.48  [Apache] 	Attempting to start Apache app...
18.29.48  [Apache] 	Status change detected: running
18.29.50  [mysql] 	Attempting to start MySQL app...
18.29.51  [mysql] 	Status change detected: running
22.45.11  [main] 	Deinitializing Modules
22.45.11  [main] 	Deinitializing Control Panel

22.45.40  [main] 	Initializing Control Panel
22.45.40  [main] 	Windows Version:  Enterprise  64-bit
22.45.40  [main] 	XAMPP Version: 8.2.4
22.45.40  [main] 	Control Panel Version: 3.3.0  [ Compiled: Apr 6th 2021 ]
22.45.40  [main] 	You are not running with administrator rights! This will work for
22.45.40  [main] 	most application stuff but whenever you do something with services
22.45.40  [main] 	there will be a security dialogue or things will break! So think 
22.45.40  [main] 	about running this application with administrator rights!
22.45.40  [main] 	XAMPP Installation Directory: "d:\xampp\"
22.45.40  [main] 	Checking for prerequisites
22.45.40  [main] 	All prerequisites found
22.45.40  [main] 	Initializing Modules
22.45.40  [Apache] 	XAMPP Apache is already running on port 80
22.45.40  [Apache] 	XAMPP Apache is already running on port 443
22.45.40  [mysql] 	XAMPP MySQL is already running on port 3306
22.45.40  [main] 	Starting Check-Timer
22.45.40  [main] 	Control Panel Ready
22.45.42  [mysql] 	Attempting to stop MySQL app...
22.45.42  [Apache] 	Attempting to stop Apache (PID: 5080)
22.45.42  [Apache] 	Attempting to stop Apache (PID: 15568)
22.45.42  [Apache] 	Status change detected: stopped
22.45.42  [mysql] 	Status change detected: stopped
22.45.47  [main] 	Deinitializing Modules
22.45.47  [main] 	Deinitializing Control Panel

